<?xml version="1.0" encoding="UTF-8"?>
<!-- Generated by org.testng.reporters.JUnitReportReporter -->
<testsuite skipped="0" hostname="DESKTOP-2F9KF4V" name="loginTest.LoginFunc" tests="1" failures="0" timestamp="18 Feb 2022 12:29:13 GMT" time="9.496" errors="0">
  <testcase name="LogInUser" time="9.496" classname="loginTest.LoginFunc"/>
</testsuite> <!-- loginTest.LoginFunc -->
